<?xml version="1.0" encoding="UTF-8"?>
<!-- Generated by org.testng.reporters.JUnitXMLReporter -->
<testsuite ignored="1" hostname="DESKTOP-2JJONV4" failures="0" tests="1" name="submit order Test" time="6.821" errors="0" timestamp="2024-09-18T10:25:35 IST">
  <testcase classname="seleniumTraining.tests.SubmitOrderTest" name="submitOrder" time="4.07"/>
  <testcase classname="seleniumTraining.tests.SubmitOrderTest" name="orderHistorypageTest" time="0.0">
    <ignored/>
  </testcase> <!-- orderHistorypageTest -->
</testsuite> <!-- submit order Test -->
