<?xml version="1.0" encoding="UTF-8"?>
<testng-results ignored="0" total="3" passed="3" failed="0" skipped="0">
  <reporter-output>
  </reporter-output>
  <suite started-at="2024-10-04T11:19:50 IST" name="Default suite" finished-at="2024-10-04T11:20:23 IST" duration-ms="32959">
    <groups>
    </groups>
    <test started-at="2024-10-04T11:19:50 IST" name="Default test" finished-at="2024-10-04T11:20:23 IST" duration-ms="32959">
      <class name="aimnxt.testPages.HomePageTest">
        <test-method is-config="true" signature="setup()[pri:0, instance:aimnxt.testPages.HomePageTest@6572421]" started-at="2024-10-04T11:19:50 IST" name="setup" finished-at="2024-10-04T11:19:57 IST" duration-ms="6918" status="PASS">
          <reporter-output>
          </reporter-output>
        </test-method> <!-- setup -->
        <test-method signature="ContentDisplaying()[pri:0, instance:aimnxt.testPages.HomePageTest@6572421]" started-at="2024-10-04T11:19:57 IST" name="ContentDisplaying" finished-at="2024-10-04T11:19:57 IST" duration-ms="322" status="PASS">
          <reporter-output>
          </reporter-output>
        </test-method> <!-- ContentDisplaying -->
        <test-method is-config="true" signature="setup()[pri:0, instance:aimnxt.testPages.HomePageTest@6572421]" started-at="2024-10-04T11:19:57 IST" name="setup" finished-at="2024-10-04T11:20:01 IST" duration-ms="3540" status="PASS">
          <reporter-output>
          </reporter-output>
        </test-method> <!-- setup -->
        <test-method signature="HomePagepopUp()[pri:0, instance:aimnxt.testPages.HomePageTest@6572421]" started-at="2024-10-04T11:20:01 IST" name="HomePagepopUp" finished-at="2024-10-04T11:20:16 IST" duration-ms="15107" status="PASS">
          <reporter-output>
          </reporter-output>
        </test-method> <!-- HomePagepopUp -->
        <test-method is-config="true" signature="setup()[pri:0, instance:aimnxt.testPages.HomePageTest@6572421]" started-at="2024-10-04T11:20:16 IST" name="setup" finished-at="2024-10-04T11:20:20 IST" duration-ms="4483" status="PASS">
          <reporter-output>
          </reporter-output>
        </test-method> <!-- setup -->
        <test-method signature="contentAssertions()[pri:0, instance:aimnxt.testPages.HomePageTest@6572421]" started-at="2024-10-04T11:20:20 IST" name="contentAssertions" finished-at="2024-10-04T11:20:23 IST" duration-ms="2354" status="PASS">
          <reporter-output>
          </reporter-output>
        </test-method> <!-- contentAssertions -->
        <test-method is-config="true" signature="tearDown()[pri:0, instance:aimnxt.testPages.HomePageTest@6572421]" started-at="2024-10-04T11:20:23 IST" name="tearDown" finished-at="2024-10-04T11:20:23 IST" duration-ms="194" status="PASS">
          <reporter-output>
          </reporter-output>
        </test-method> <!-- tearDown -->
      </class> <!-- aimnxt.testPages.HomePageTest -->
    </test> <!-- Default test -->
  </suite> <!-- Default suite -->
</testng-results>
