<?xml version="1.0" encoding="UTF-8"?>
<testng-results ignored="0" total="2" passed="2" failed="0" skipped="0">
  <reporter-output>
  </reporter-output>
  <suite started-at="2024-10-01T12:27:04 IST" name="Default suite" finished-at="2024-10-01T12:27:04 IST" duration-ms="66">
    <groups>
    </groups>
    <test started-at="2024-10-01T12:27:04 IST" name="Default test" finished-at="2024-10-01T12:27:04 IST" duration-ms="66">
      <class name="seleniumTraining.TestComponents.DataProviderDemo">
        <test-method signature="Data(java.lang.String,java.lang.String)[pri:0, instance:seleniumTraining.TestComponents.DataProviderDemo@4b2bac3f]" started-at="2024-10-01T12:27:04 IST" name="Data" data-provider="getData" finished-at="2024-10-01T12:27:04 IST" duration-ms="6" status="PASS">
          <params>
            <param index="0">
              <value>
                <![CDATA[satishpractice8@gmail.com]]>
              </value>
            </param>
            <param index="1">
              <value>
                <![CDATA[Satish@126663]]>
              </value>
            </param>
          </params>
          <reporter-output>
          </reporter-output>
        </test-method> <!-- Data -->
        <test-method signature="Data(java.lang.String,java.lang.String)[pri:0, instance:seleniumTraining.TestComponents.DataProviderDemo@4b2bac3f]" started-at="2024-10-01T12:27:04 IST" name="Data" data-provider="getData" finished-at="2024-10-01T12:27:04 IST" duration-ms="3" status="PASS">
          <params>
            <param index="0">
              <value>
                <![CDATA[satishpractice88@gmail.com]]>
              </value>
            </param>
            <param index="1">
              <value>
                <![CDATA[Satish@123]]>
              </value>
            </param>
          </params>
          <reporter-output>
          </reporter-output>
        </test-method> <!-- Data -->
      </class> <!-- seleniumTraining.TestComponents.DataProviderDemo -->
    </test> <!-- Default test -->
  </suite> <!-- Default suite -->
</testng-results>
