<?xml version="1.0" encoding="UTF-8"?>
<!-- Generated by org.testng.reporters.JUnitXMLReporter -->
<testsuite ignored="0" hostname="DESKTOP-2JJONV4" failures="0" tests="3" name="Default test" time="32.959" errors="0" timestamp="2024-10-04T11:20:23 IST">
  <testcase classname="aimnxt.testPages.HomePageTest" name="ContentDisplaying" time="0.322"/>
  <testcase classname="aimnxt.testPages.HomePageTest" name="HomePagepopUp" time="15.107"/>
  <testcase classname="aimnxt.testPages.HomePageTest" name="contentAssertions" time="2.354"/>
</testsuite> <!-- Default test -->
